[debug] [2020-09-03T12:39:47.999Z] ----------------------------------------------------------------------
[debug] [2020-09-03T12:39:48.001Z] Command:       /usr/bin/node /home/koko/.npm-global/bin/firebase init firestore
[debug] [2020-09-03T12:39:48.002Z] CLI Version:   8.9.2
[debug] [2020-09-03T12:39:48.002Z] Platform:      linux
[debug] [2020-09-03T12:39:48.002Z] Node Version:  v12.18.3
[debug] [2020-09-03T12:39:48.002Z] Time:          Thu Sep 03 2020 14:39:48 GMT+0200 (Central European Summer Time)
[debug] [2020-09-03T12:39:48.003Z] ----------------------------------------------------------------------
[debug] [2020-09-03T12:39:48.003Z] 
[debug] [2020-09-03T12:39:48.009Z] > command requires scopes: ["email","openid","https://www.googleapis.com/auth/cloudplatformprojects.readonly","https://www.googleapis.com/auth/firebase","https://www.googleapis.com/auth/cloud-platform"]
[debug] [2020-09-03T12:39:48.009Z] > authorizing via signed-in user
[info] 
     ######## #### ########  ######## ########     ###     ######  ########
     ##        ##  ##     ## ##       ##     ##  ##   ##  ##       ##
     ######    ##  ########  ######   ########  #########  ######  ######
     ##        ##  ##    ##  ##       ##     ## ##     ##       ## ##
     ##       #### ##     ## ######## ########  ##     ##  ######  ########

You're about to initialize a Firebase project in this directory:

  /home/koko/Documents/Development

Before we get started, keep in mind:

  * You are initializing in an existing Firebase project directory

[info] 
=== Project Setup
[info] 
[info] First, let's associate this project directory with a Firebase project.
[info] You can create multiple project aliases by running firebase use --add, 
[info] but for now we'll just set up a default project.
[info] 
[info] i  .firebaserc already has a default project, using koko-function-test. 
[debug] [2020-09-03T12:39:48.021Z] >>> HTTP REQUEST GET https://firebase.googleapis.com/v1beta1/projects/koko-function-test  
 
[debug] [2020-09-03T12:39:48.340Z] <<< HTTP RESPONSE 200 {"content-type":"application/json; charset=UTF-8","vary":"X-Origin, Referer, Origin,Accept-Encoding","date":"Thu, 03 Sep 2020 12:39:48 GMT","server":"ESF","cache-control":"private","x-xss-protection":"0","x-frame-options":"SAMEORIGIN","x-content-type-options":"nosniff","alt-svc":"h3-29=\":443\"; ma=2592000,h3-27=\":443\"; ma=2592000,h3-T051=\":443\"; ma=2592000,h3-T050=\":443\"; ma=2592000,h3-Q050=\":443\"; ma=2592000,h3-Q046=\":443\"; ma=2592000,h3-Q043=\":443\"; ma=2592000,quic=\":443\"; ma=2592000; v=\"46,43\"","accept-ranges":"none","transfer-encoding":"chunked"}
[info] 
=== Firestore Setup
[debug] [2020-09-03T12:39:48.344Z] >>> HTTP REQUEST GET https://serviceusage.googleapis.com/v1/projects/koko-function-test/services/firestore.googleapis.com  
 
[debug] [2020-09-03T12:39:49.298Z] <<< HTTP RESPONSE 200 {"content-type":"application/json; charset=UTF-8","vary":"X-Origin, Referer, Origin,Accept-Encoding","date":"Thu, 03 Sep 2020 12:39:49 GMT","server":"ESF","cache-control":"private","x-xss-protection":"0","x-frame-options":"SAMEORIGIN","x-content-type-options":"nosniff","alt-svc":"h3-29=\":443\"; ma=2592000,h3-27=\":443\"; ma=2592000,h3-T051=\":443\"; ma=2592000,h3-T050=\":443\"; ma=2592000,h3-Q050=\":443\"; ma=2592000,h3-Q046=\":443\"; ma=2592000,h3-Q043=\":443\"; ma=2592000,quic=\":443\"; ma=2592000; v=\"46,43\"","accept-ranges":"none","transfer-encoding":"chunked"}
[debug] [2020-09-03T12:39:49.300Z] >>> HTTP REQUEST GET https://appengine.googleapis.com/v1/apps/koko-function-test  
 
[debug] [2020-09-03T12:39:49.607Z] <<< HTTP RESPONSE 200 {"content-type":"application/json; charset=UTF-8","vary":"X-Origin, Referer, Origin,Accept-Encoding","date":"Thu, 03 Sep 2020 12:39:49 GMT","server":"ESF","cache-control":"private","x-xss-protection":"0","x-frame-options":"SAMEORIGIN","x-content-type-options":"nosniff","alt-svc":"h3-29=\":443\"; ma=2592000,h3-27=\":443\"; ma=2592000,h3-T051=\":443\"; ma=2592000,h3-T050=\":443\"; ma=2592000,h3-Q050=\":443\"; ma=2592000,h3-Q046=\":443\"; ma=2592000,h3-Q043=\":443\"; ma=2592000,quic=\":443\"; ma=2592000; v=\"46,43\"","accept-ranges":"none","transfer-encoding":"chunked"}
[debug] [2020-09-03T12:39:49.608Z] database_type: CLOUD_FIRESTORE
[debug] [2020-09-03T12:39:49.610Z] > command requires scopes: ["email","openid","https://www.googleapis.com/auth/cloudplatformprojects.readonly","https://www.googleapis.com/auth/firebase","https://www.googleapis.com/auth/cloud-platform"]
[debug] [2020-09-03T12:39:49.612Z] > authorizing via signed-in user
[debug] [2020-09-03T12:39:49.612Z] [iam] checking project koko-function-test for permissions ["firebase.projects.get"]
[debug] [2020-09-03T12:39:49.615Z] >>> HTTP REQUEST POST https://cloudresourcemanager.googleapis.com/v1/projects/koko-function-test:testIamPermissions  
 {"permissions":["firebase.projects.get"]}
